Log file open, 10/26/20 09:53:23
LogInit: Display: Running engine for game: Project1
LogPlatformFile: Not using cached read wrapper
LogTaskGraph: Started task graph with 5 named threads and 47 total threads with 3 sets of task threads.
LogStats: Stats thread started at 0.164769
LogD3D11RHI: Loaded GFSDK_Aftermath_Lib.x64.dll
LogICUInternationalization: ICU TimeZone Detection - Raw Offset: +9:00, Platform Override: ''
LogPluginManager: Mounting plugin Paper2D
LogPluginManager: Mounting plugin AISupport
LogPluginManager: Mounting plugin LightPropagationVolume
LogPluginManager: Mounting plugin CameraShakePreviewer
LogPluginManager: Mounting plugin ActorLayerUtilities
LogPluginManager: Mounting plugin AnimationSharing
LogPluginManager: Mounting plugin CLionSourceCodeAccess
LogPluginManager: Mounting plugin CodeLiteSourceCodeAccess
LogPluginManager: Mounting plugin GitSourceControl
LogPluginManager: Mounting plugin KDevelopSourceCodeAccess
LogPluginManager: Mounting plugin NullSourceCodeAccess
LogPluginManager: Mounting plugin PerforceSourceControl
LogPluginManager: Mounting plugin PlasticSourceControl
LogPluginManager: Mounting plugin RiderSourceCodeAccess
LogPluginManager: Mounting plugin SubversionSourceControl
LogPluginManager: Mounting plugin UObjectPlugin
LogPluginManager: Mounting plugin VisualStudioCodeSourceCodeAccess
LogPluginManager: Mounting plugin VisualStudioSourceCodeAccess
LogPluginManager: Mounting plugin XCodeSourceCodeAccess
LogPluginManager: Mounting plugin AssetManagerEditor
LogPluginManager: Mounting plugin CryptoKeys
LogPluginManager: Mounting plugin CurveEditorTools
LogPluginManager: Mounting plugin DataValidation
LogPluginManager: Mounting plugin EditorScriptingUtilities
LogPluginManager: Mounting plugin FacialAnimation
LogPluginManager: Mounting plugin GameplayTagsEditor
LogPluginManager: Mounting plugin GeometryMode
LogPluginManager: Mounting plugin MacGraphicsSwitching
LogPluginManager: Mounting plugin MaterialAnalyzer
LogPluginManager: Mounting plugin MobileLauncherProfileWizard
LogPluginManager: Mounting plugin PluginBrowser
LogPluginManager: Mounting plugin SpeedTreeImporter
LogPluginManager: Mounting plugin DatasmithContent
LogPluginManager: Mounting plugin VariantManagerContent
LogPluginManager: Mounting plugin AlembicImporter
LogPluginManager: Mounting plugin AutomationUtils
LogPluginManager: Mounting plugin BackChannel
LogPluginManager: Mounting plugin ChaosCloth
LogPluginManager: Mounting plugin ChaosClothEditor
LogPluginManager: Mounting plugin ChaosEditor
LogPluginManager: Mounting plugin ChaosNiagara
LogPluginManager: Mounting plugin ChaosSolverPlugin
LogPluginManager: Mounting plugin CharacterAI
LogPluginManager: Mounting plugin GeometryCache
LogPluginManager: Mounting plugin GeometryCollectionPlugin
LogPluginManager: Mounting plugin GeometryProcessing
LogPluginManager: Mounting plugin PlanarCut
LogPluginManager: Mounting plugin PlatformCrypto
LogPluginManager: Mounting plugin ProxyLODPlugin
LogPluginManager: Mounting plugin SkeletalReduction
LogPluginManager: Mounting plugin Niagara
LogPluginManager: Mounting plugin MagicLeap
LogPluginManager: Mounting plugin MagicLeapLightEstimation
LogPluginManager: Mounting plugin MagicLeapMedia
LogPluginManager: Mounting plugin MagicLeapPassableWorld
LogPluginManager: Mounting plugin MLSDK
LogPluginManager: Mounting plugin AndroidMedia
LogPluginManager: Mounting plugin AvfMedia
LogPluginManager: Mounting plugin ImgMedia
LogPluginManager: Mounting plugin MediaCompositing
LogPluginManager: Mounting plugin MediaPlayerEditor
LogPluginManager: Mounting plugin WebMMedia
LogPluginManager: Mounting plugin WmfMedia
LogPluginManager: Mounting plugin MeshPainting
LogPluginManager: Mounting plugin TcpMessaging
LogPluginManager: Mounting plugin UdpMessaging
LogPluginManager: Mounting plugin ActorSequence
LogPluginManager: Mounting plugin LevelSequenceEditor
LogPluginManager: Mounting plugin MatineeToLevelSequence
LogPluginManager: Mounting plugin MovieRenderPipeline
LogPluginManager: Mounting plugin TemplateSequence
LogPluginManager: Mounting plugin NetcodeUnitTest
LogPluginManager: Mounting plugin NUTUnrealEngine4
LogPluginManager: Mounting plugin OnlineSubsystemGooglePlay
LogPluginManager: Mounting plugin OnlineSubsystemIOS
LogPluginManager: Mounting plugin OnlineSubsystem
LogPluginManager: Mounting plugin OnlineSubsystemNull
LogPluginManager: Mounting plugin OnlineSubsystemUtils
LogPluginManager: Mounting plugin LauncherChunkInstaller
LogPluginManager: Mounting plugin AndroidDeviceProfileSelector
LogPluginManager: Mounting plugin AndroidMoviePlayer
LogPluginManager: Mounting plugin AndroidPermission
LogPluginManager: Mounting plugin AppleImageUtils
LogPluginManager: Mounting plugin AppleMoviePlayer
LogPluginManager: Mounting plugin ArchVisCharacter
LogPluginManager: Mounting plugin AssetTags
LogPluginManager: Mounting plugin AudioCapture
LogPluginManager: Mounting plugin CableComponent
LogPluginManager: Mounting plugin CustomMeshComponent
LogPluginManager: Mounting plugin EditableMesh
LogPluginManager: Mounting plugin ExampleDeviceProfileSelector
LogPluginManager: Mounting plugin GoogleCloudMessaging
LogPluginManager: Mounting plugin GooglePAD
LogPluginManager: Mounting plugin IOSDeviceProfileSelector
LogPluginManager: Mounting plugin LinuxDeviceProfileSelector
LogPluginManager: Mounting plugin LocationServicesBPLibrary
LogPluginManager: Mounting plugin MobilePatchingUtils
LogPluginManager: Mounting plugin OculusVR
LogPluginManager: Mounting plugin PhysXVehicles
LogPluginManager: Mounting plugin PostSplashScreen
LogPluginManager: Mounting plugin ProceduralMeshComponent
LogPluginManager: Mounting plugin RuntimePhysXCooking
LogPluginManager: Mounting plugin SignificanceManager
LogPluginManager: Mounting plugin SoundFields
LogPluginManager: Mounting plugin SteamVR
LogPluginManager: Mounting plugin Synthesis
LogPluginManager: Mounting plugin WebMMoviePlayer
LogPluginManager: Mounting plugin WindowsMoviePlayer
LogPluginManager: Mounting plugin ScreenshotTools
LogInit: Using libcurl 7.55.1-DEV
LogInit:  - built for x86_64-pc-win32
LogInit:  - supports SSL with OpenSSL/1.1.1
LogInit:  - supports HTTP deflate (compression) using libz 1.2.8
LogInit:  - other features:
LogInit:      CURL_VERSION_SSL
LogInit:      CURL_VERSION_LIBZ
LogInit:      CURL_VERSION_IPV6
LogInit:      CURL_VERSION_ASYNCHDNS
LogInit:      CURL_VERSION_LARGEFILE
LogInit:      CURL_VERSION_IDN
LogInit:  CurlRequestOptions (configurable via config and command line):
LogInit:  - bVerifyPeer = true  - Libcurl will verify peer certificate
LogInit:  - bUseHttpProxy = false  - Libcurl will NOT use HTTP proxy
LogInit:  - bDontReuseConnections = false  - Libcurl will reuse connections
LogInit:  - MaxHostConnections = 16  - Libcurl will limit the number of connections to a host
LogInit:  - LocalHostAddr = Default
LogInit:  - BufferSize = 65536
LogOnline: OSS: Creating online subsystem instance for: NULL
LogInit: WinSock: version 1.1 (2.2), MaxSocks=32767, MaxUdp=65467
LogOnline: OSS: TryLoadSubsystemAndSetDefault: Loaded subsystem for module [NULL]
LogInit: Build: ++UE4+Release-4.25-CL-14469661
LogInit: Engine Version: 4.25.4-14469661+++UE4+Release-4.25
LogInit: Compatible Engine Version: 4.25.0-13144385+++UE4+Release-4.25
LogInit: Net CL: 13144385
LogInit: OS: Windows 10 (Release 2009) (), CPU: AMD Ryzen 7 3700X 8-Core Processor             , GPU: Radeon RX 560 Series
LogInit: Compiled (64-bit): Oct 11 2020 08:10:49
LogInit: Compiled with Visual C++: 19.24.28315.00
LogInit: Build Configuration: Development
LogInit: Branch Name: ++UE4+Release-4.25
LogInit: Command Line:  -EpicPortal -epicusername=Dhnns. -epicuserid=db7a26e053454a3aaa14059c06ea67c7 -epiclocale=ko
LogInit: Base Directory: C:/Program Files/Epic Games/UE_4.25/Engine/Binaries/Win64/
LogInit: Allocator: TBB
LogInit: Installed Engine Build: 1
LogDevObjectVersion: Number of dev versions registered: 26
LogDevObjectVersion:   Dev-Blueprints (B0D832E4-1F89-4F0D-ACCF-7EB736FD4AA2): 10
LogDevObjectVersion:   Dev-Build (E1C64328-A22C-4D53-A36C-8E866417BD8C): 0
LogDevObjectVersion:   Dev-Core (375EC13C-06E4-48FB-B500-84F0262A717E): 4
LogDevObjectVersion:   Dev-Editor (E4B068ED-F494-42E9-A231-DA0B2E46BB41): 38
LogDevObjectVersion:   Dev-Framework (CFFC743F-43B0-4480-9391-14DF171D2073): 37
LogDevObjectVersion:   Dev-Mobile (B02B49B5-BB20-44E9-A304-32B752E40360): 2
LogDevObjectVersion:   Dev-Networking (A4E4105C-59A1-49B5-A7C5-40C4547EDFEE): 0
LogDevObjectVersion:   Dev-Online (39C831C9-5AE6-47DC-9A44-9C173E1C8E7C): 0
LogDevObjectVersion:   Dev-Physics (78F01B33-EBEA-4F98-B9B4-84EACCB95AA2): 4
LogDevObjectVersion:   Dev-Platform (6631380F-2D4D-43E0-8009-CF276956A95A): 0
LogDevObjectVersion:   Dev-Rendering (12F88B9F-8875-4AFC-A67C-D90C383ABD29): 43
LogDevObjectVersion:   Dev-Sequencer (7B5AE74C-D270-4C10-A958-57980B212A5A): 12
LogDevObjectVersion:   Dev-VR (D7296918-1DD6-4BDD-9DE2-64A83CC13884): 3
LogDevObjectVersion:   Dev-LoadTimes (C2A15278-BFE7-4AFE-6C17-90FF531DF755): 1
LogDevObjectVersion:   Private-Geometry (6EACA3D4-40EC-4CC1-B786-8BED09428FC5): 3
LogDevObjectVersion:   Dev-AnimPhys (29E575DD-E0A3-4627-9D10-D276232CDCEA): 17
LogDevObjectVersion:   Dev-Anim (AF43A65D-7FD3-4947-9873-3E8ED9C1BB05): 7
LogDevObjectVersion:   Dev-ReflectionCapture (6B266CEC-1EC7-4B8F-A30B-E4D90942FC07): 1
LogDevObjectVersion:   Dev-Automation (0DF73D61-A23F-47EA-B727-89E90C41499A): 1
LogDevObjectVersion:   FortniteMain (601D1886-AC64-4F84-AA16-D3DE0DEAC7D6): 31
LogDevObjectVersion:   Dev-Enterprise (9DFFBCD6-494F-0158-E221-12823C92A888): 10
LogDevObjectVersion:   Dev-Niagara (F2AED0AC-9AFE-416F-8664-AA7FFA26D6FC): 1
LogDevObjectVersion:   Dev-Destruction (174F1F0B-B4C6-45A5-B13F-2EE8D0FB917D): 10
LogDevObjectVersion:   Dev-Physics-Ext (35F94A83-E258-406C-A318-09F59610247C): 37
LogDevObjectVersion:   Dev-PhysicsMaterial-Chaos (B68FC16E-8B1B-42E2-B453-215C058844FE): 1
LogDevObjectVersion:   Dev-CineCamera (B2E18506-4273-CFC2-A54E-F4BB758BBA07): 1
LogInit: Presizing for max 25165824 objects, including 0 objects not considered by GC, pre-allocating 0 bytes for permanent pool.
LogConfig: Applying CVar settings from Section [/Script/Engine.StreamingSettings] File [C:/Users/daeha/Documents/Unreal Projects/Project1/Saved/Config/Windows/Engine.ini]
LogConfig: Setting CVar [[s.MinBulkDataSizeForAsyncLoading:131072]]
LogConfig: Setting CVar [[s.AsyncLoadingThreadEnabled:0]]
LogConfig: Setting CVar [[s.EventDrivenLoaderEnabled:1]]
LogConfig: Setting CVar [[s.WarnIfTimeLimitExceeded:0]]
LogConfig: Setting CVar [[s.TimeLimitExceededMultiplier:1.5]]
LogConfig: Setting CVar [[s.TimeLimitExceededMinTime:0.005]]
LogConfig: Setting CVar [[s.UseBackgroundLevelStreaming:1]]
LogConfig: Setting CVar [[s.PriorityAsyncLoadingExtraTime:15.0]]
LogConfig: Setting CVar [[s.LevelStreamingActorsUpdateTimeLimit:5.0]]
LogConfig: Setting CVar [[s.PriorityLevelStreamingActorsUpdateExtraTime:5.0]]
LogConfig: Setting CVar [[s.LevelStreamingComponentsRegistrationGranularity:10]]
LogConfig: Setting CVar [[s.UnregisterComponentsTimeLimit:1.0]]
LogConfig: Setting CVar [[s.LevelStreamingComponentsUnregistrationGranularity:5]]
LogConfig: Setting CVar [[s.FlushStreamingOnExit:1]]
LogInit: Object subsystem initialized
LogConfig: Setting CVar [[con.DebugEarlyDefault:1]]
LogConfig: Setting CVar [[r.setres:1280x720]]
[2020.10.26-00.53.24:045][  0]LogConfig: Setting CVar [[r.VSync:0]]
[2020.10.26-00.53.24:045][  0]LogConfig: Setting CVar [[r.RHICmdBypass:0]]
[2020.10.26-00.53.24:045][  0]LogConfig: Applying CVar settings from Section [/Script/Engine.RendererSettings] File [C:/Users/daeha/Documents/Unreal Projects/Project1/Saved/Config/Windows/Engine.ini]
[2020.10.26-00.53.24:045][  0]LogConfig: Setting CVar [[r.GPUCrashDebugging:0]]
[2020.10.26-00.53.24:045][  0]LogConfig: Applying CVar settings from Section [/Script/Engine.RendererOverrideSettings] File [C:/Users/daeha/Documents/Unreal Projects/Project1/Saved/Config/Windows/Engine.ini]
[2020.10.26-00.53.24:045][  0]LogConfig: Applying CVar settings from Section [/Script/Engine.StreamingSettings] File [C:/Users/daeha/Documents/Unreal Projects/Project1/Saved/Config/Windows/Engine.ini]
[2020.10.26-00.53.24:045][  0]LogConfig: Setting CVar [[s.MinBulkDataSizeForAsyncLoading:131072]]
[2020.10.26-00.53.24:045][  0]LogConfig: Setting CVar [[s.AsyncLoadingThreadEnabled:0]]
[2020.10.26-00.53.24:045][  0]LogConfig: Setting CVar [[s.EventDrivenLoaderEnabled:1]]
[2020.10.26-00.53.24:045][  0]LogConfig: Setting CVar [[s.WarnIfTimeLimitExceeded:0]]
[2020.10.26-00.53.24:045][  0]LogConfig: Setting CVar [[s.TimeLimitExceededMultiplier:1.5]]
[2020.10.26-00.53.24:045][  0]LogConfig: Setting CVar [[s.TimeLimitExceededMinTime:0.005]]
[2020.10.26-00.53.24:045][  0]LogConfig: Setting CVar [[s.UseBackgroundLevelStreaming:1]]
[2020.10.26-00.53.24:045][  0]LogConfig: Setting CVar [[s.PriorityAsyncLoadingExtraTime:15.0]]
[2020.10.26-00.53.24:045][  0]LogConfig: Setting CVar [[s.LevelStreamingActorsUpdateTimeLimit:5.0]]
[2020.10.26-00.53.24:045][  0]LogConfig: Setting CVar [[s.PriorityLevelStreamingActorsUpdateExtraTime:5.0]]
[2020.10.26-00.53.24:045][  0]LogConfig: Setting CVar [[s.LevelStreamingComponentsRegistrationGranularity:10]]
[2020.10.26-00.53.24:045][  0]LogConfig: Setting CVar [[s.UnregisterComponentsTimeLimit:1.0]]
[2020.10.26-00.53.24:045][  0]LogConfig: Setting CVar [[s.LevelStreamingComponentsUnregistrationGranularity:5]]
[2020.10.26-00.53.24:045][  0]LogConfig: Setting CVar [[s.FlushStreamingOnExit:1]]
[2020.10.26-00.53.24:045][  0]LogConfig: Applying CVar settings from Section [/Script/Engine.GarbageCollectionSettings] File [C:/Users/daeha/Documents/Unreal Projects/Project1/Saved/Config/Windows/Engine.ini]
[2020.10.26-00.53.24:045][  0]LogConfig: Setting CVar [[gc.MaxObjectsNotConsideredByGC:1]]
[2020.10.26-00.53.24:045][  0]LogConfig: Setting CVar [[gc.SizeOfPermanentObjectPool:0]]
[2020.10.26-00.53.24:045][  0]LogConfig: Setting CVar [[gc.FlushStreamingOnGC:0]]
[2020.10.26-00.53.24:045][  0]LogConfig: Setting CVar [[gc.NumRetriesBeforeForcingGC:10]]
[2020.10.26-00.53.24:045][  0]LogConfig: Setting CVar [[gc.AllowParallelGC:1]]
[2020.10.26-00.53.24:045][  0]LogConfig: Setting CVar [[gc.TimeBetweenPurgingPendingKillObjects:61.1]]
[2020.10.26-00.53.24:045][  0]LogConfig: Setting CVar [[gc.MaxObjectsInEditor:25165824]]
[2020.10.26-00.53.24:045][  0]LogConfig: Setting CVar [[gc.IncrementalBeginDestroyEnabled:1]]
[2020.10.26-00.53.24:045][  0]LogConfig: Setting CVar [[gc.CreateGCClusters:1]]
[2020.10.26-00.53.24:045][  0]LogConfig: Setting CVar [[gc.MinGCClusterSize:5]]
[2020.10.26-00.53.24:045][  0]LogConfig: Setting CVar [[gc.ActorClusteringEnabled:0]]
[2020.10.26-00.53.24:045][  0]LogConfig: Setting CVar [[gc.BlueprintClusteringEnabled:0]]
[2020.10.26-00.53.24:045][  0]LogConfig: Setting CVar [[gc.UseDisregardForGCOnDedicatedServers:0]]
[2020.10.26-00.53.24:045][  0]LogConfig: Applying CVar settings from Section [/Script/Engine.NetworkSettings] File [C:/Users/daeha/Documents/Unreal Projects/Project1/Saved/Config/Windows/Engine.ini]
[2020.10.26-00.53.24:045][  0]LogConfig: Applying CVar settings from Section [/Script/UnrealEd.CookerSettings] File [C:/Users/daeha/Documents/Unreal Projects/Project1/Saved/Config/Windows/Engine.ini]
[2020.10.26-00.53.24:050][  0]LogConfig: Applying CVar settings from Section [ViewDistanceQuality@3] File [C:/Users/daeha/Documents/Unreal Projects/Project1/Saved/Config/Windows/Scalability.ini]
[2020.10.26-00.53.24:050][  0]LogConfig: Setting CVar [[r.SkeletalMeshLODBias:0]]
[2020.10.26-00.53.24:050][  0]LogConfig: Setting CVar [[r.ViewDistanceScale:1.0]]
[2020.10.26-00.53.24:050][  0]LogConfig: Applying CVar settings from Section [AntiAliasingQuality@3] File [C:/Users/daeha/Documents/Unreal Projects/Project1/Saved/Config/Windows/Scalability.ini]
[2020.10.26-00.53.24:050][  0]LogConfig: Setting CVar [[r.PostProcessAAQuality:4]]
[2020.10.26-00.53.24:050][  0]LogConfig: Applying CVar settings from Section [ShadowQuality@3] File [C:/Users/daeha/Documents/Unreal Projects/Project1/Saved/Config/Windows/Scalability.ini]
[2020.10.26-00.53.24:050][  0]LogConfig: Setting CVar [[r.LightFunctionQuality:1]]
[2020.10.26-00.53.24:050][  0]LogConfig: Setting CVar [[r.ShadowQuality:5]]
[2020.10.26-00.53.24:050][  0]LogConfig: Setting CVar [[r.Shadow.CSM.MaxCascades:10]]
[2020.10.26-00.53.24:050][  0]LogConfig: Setting CVar [[r.Shadow.MaxResolution:2048]]
[2020.10.26-00.53.24:050][  0]LogConfig: Setting CVar [[r.Shadow.MaxCSMResolution:2048]]
[2020.10.26-00.53.24:050][  0]LogConfig: Setting CVar [[r.Shadow.RadiusThreshold:0.01]]
[2020.10.26-00.53.24:050][  0]LogConfig: Setting CVar [[r.Shadow.DistanceScale:1.0]]
[2020.10.26-00.53.24:050][  0]LogConfig: Setting CVar [[r.Shadow.CSM.TransitionScale:1.0]]
[2020.10.26-00.53.24:050][  0]LogConfig: Setting CVar [[r.Shadow.PreShadowResolutionFactor:1.0]]
[2020.10.26-00.53.24:050][  0]LogConfig: Setting CVar [[r.DistanceFieldShadowing:1]]
[2020.10.26-00.53.24:050][  0]LogConfig: Setting CVar [[r.DistanceFieldAO:1]]
[2020.10.26-00.53.24:050][  0]LogConfig: Setting CVar [[r.AOQuality:2]]
[2020.10.26-00.53.24:050][  0]LogConfig: Setting CVar [[r.VolumetricFog:1]]
[2020.10.26-00.53.24:050][  0]LogConfig: Setting CVar [[r.VolumetricFog.GridPixelSize:8]]
[2020.10.26-00.53.24:050][  0]LogConfig: Setting CVar [[r.VolumetricFog.GridSizeZ:128]]
[2020.10.26-00.53.24:050][  0]LogConfig: Setting CVar [[r.VolumetricFog.HistoryMissSupersampleCount:4]]
[2020.10.26-00.53.24:050][  0]LogConfig: Setting CVar [[r.LightMaxDrawDistanceScale:1]]
[2020.10.26-00.53.24:050][  0]LogConfig: Setting CVar [[r.CapsuleShadows:1]]
[2020.10.26-00.53.24:050][  0]LogConfig: Applying CVar settings from Section [PostProcessQuality@3] File [C:/Users/daeha/Documents/Unreal Projects/Project1/Saved/Config/Windows/Scalability.ini]
[2020.10.26-00.53.24:050][  0]LogConfig: Setting CVar [[r.MotionBlurQuality:4]]
[2020.10.26-00.53.24:050][  0]LogConfig: Setting CVar [[r.AmbientOcclusionMipLevelFactor:0.4]]
[2020.10.26-00.53.24:050][  0]LogConfig: Setting CVar [[r.AmbientOcclusionMaxQuality:100]]
[2020.10.26-00.53.24:050][  0]LogConfig: Setting CVar [[r.AmbientOcclusionLevels:-1]]
[2020.10.26-00.53.24:050][  0]LogConfig: Setting CVar [[r.AmbientOcclusionRadiusScale:1.0]]
[2020.10.26-00.53.24:050][  0]LogConfig: Setting CVar [[r.DepthOfFieldQuality:2]]
[2020.10.26-00.53.24:050][  0]LogConfig: Setting CVar [[r.RenderTargetPoolMin:400]]
[2020.10.26-00.53.24:050][  0]LogConfig: Setting CVar [[r.LensFlareQuality:2]]
[2020.10.26-00.53.24:050][  0]LogConfig: Setting CVar [[r.SceneColorFringeQuality:1]]
[2020.10.26-00.53.24:050][  0]LogConfig: Setting CVar [[r.EyeAdaptationQuality:2]]
[2020.10.26-00.53.24:050][  0]LogConfig: Setting CVar [[r.BloomQuality:5]]
[2020.10.26-00.53.24:050][  0]LogConfig: Setting CVar [[r.FastBlurThreshold:100]]
[2020.10.26-00.53.24:050][  0]LogConfig: Setting CVar [[r.Upscale.Quality:3]]
[2020.10.26-00.53.24:050][  0]LogConfig: Setting CVar [[r.Tonemapper.GrainQuantization:1]]
[2020.10.26-00.53.24:050][  0]LogConfig: Setting CVar [[r.LightShaftQuality:1]]
[2020.10.26-00.53.24:050][  0]LogConfig: Setting CVar [[r.Filter.SizeScale:1]]
[2020.10.26-00.53.24:050][  0]LogConfig: Setting CVar [[r.Tonemapper.Quality:5]]
[2020.10.26-00.53.24:050][  0]LogConfig: Setting CVar [[r.DOF.Gather.AccumulatorQuality:1        ; higher gathering accumulator quality]]
[2020.10.26-00.53.24:050][  0]LogConfig: Setting CVar [[r.DOF.Gather.PostfilterMethod:1          ; Median3x3 postfilering method]]
[2020.10.26-00.53.24:050][  0]LogConfig: Setting CVar [[r.DOF.Gather.EnableBokehSettings:0       ; no bokeh simulation when gathering]]
[2020.10.26-00.53.24:050][  0]LogConfig: Setting CVar [[r.DOF.Gather.RingCount:4                 ; medium number of samples when gathering]]
[2020.10.26-00.53.24:050][  0]LogConfig: Setting CVar [[r.DOF.Scatter.ForegroundCompositing:1    ; additive foreground scattering]]
[2020.10.26-00.53.24:050][  0]LogConfig: Setting CVar [[r.DOF.Scatter.BackgroundCompositing:2    ; additive background scattering]]
[2020.10.26-00.53.24:050][  0]LogConfig: Setting CVar [[r.DOF.Scatter.EnableBokehSettings:1      ; bokeh simulation when scattering]]
[2020.10.26-00.53.24:050][  0]LogConfig: Setting CVar [[r.DOF.Scatter.MaxSpriteRatio:0.1         ; only a maximum of 10% of scattered bokeh]]
[2020.10.26-00.53.24:050][  0]LogConfig: Setting CVar [[r.DOF.Recombine.Quality:1                ; cheap slight out of focus]]
[2020.10.26-00.53.24:050][  0]LogConfig: Setting CVar [[r.DOF.Recombine.EnableBokehSettings:0    ; no bokeh simulation on slight out of focus]]
[2020.10.26-00.53.24:050][  0]LogConfig: Setting CVar [[r.DOF.TemporalAAQuality:1                ; more stable temporal accumulation]]
[2020.10.26-00.53.24:050][  0]LogConfig: Setting CVar [[r.DOF.Kernel.MaxForegroundRadius:0.025]]
[2020.10.26-00.53.24:050][  0]LogConfig: Setting CVar [[r.DOF.Kernel.MaxBackgroundRadius:0.025]]
[2020.10.26-00.53.24:050][  0]LogConfig: Applying CVar settings from Section [TextureQuality@3] File [C:/Users/daeha/Documents/Unreal Projects/Project1/Saved/Config/Windows/Scalability.ini]
[2020.10.26-00.53.24:050][  0]LogConfig: Setting CVar [[r.Streaming.MipBias:0]]
[2020.10.26-00.53.24:050][  0]LogConfig: Setting CVar [[r.Streaming.AmortizeCPUToGPUCopy:0]]
[2020.10.26-00.53.24:050][  0]LogConfig: Setting CVar [[r.Streaming.MaxNumTexturesToStreamPerFrame:0]]
[2020.10.26-00.53.24:050][  0]LogConfig: Setting CVar [[r.Streaming.Boost:1]]
[2020.10.26-00.53.24:050][  0]LogConfig: Setting CVar [[r.MaxAnisotropy:8]]
[2020.10.26-00.53.24:050][  0]LogConfig: Setting CVar [[r.VT.MaxAnisotropy:8]]
[2020.10.26-00.53.24:050][  0]LogConfig: Setting CVar [[r.Streaming.LimitPoolSizeToVRAM:0]]
[2020.10.26-00.53.24:050][  0]LogConfig: Setting CVar [[r.Streaming.PoolSize:1000]]
[2020.10.26-00.53.24:050][  0]LogConfig: Setting CVar [[r.Streaming.MaxEffectiveScreenSize:0]]
[2020.10.26-00.53.24:050][  0]LogConfig: Applying CVar settings from Section [EffectsQuality@3] File [C:/Users/daeha/Documents/Unreal Projects/Project1/Saved/Config/Windows/Scalability.ini]
[2020.10.26-00.53.24:050][  0]LogConfig: Setting CVar [[r.TranslucencyLightingVolumeDim:64]]
[2020.10.26-00.53.24:050][  0]LogConfig: Setting CVar [[r.RefractionQuality:2]]
[2020.10.26-00.53.24:050][  0]LogConfig: Setting CVar [[r.SSR.Quality:3]]
[2020.10.26-00.53.24:050][  0]LogConfig: Setting CVar [[r.SSR.HalfResSceneColor:0]]
[2020.10.26-00.53.24:050][  0]LogConfig: Setting CVar [[r.SceneColorFormat:4]]
[2020.10.26-00.53.24:050][  0]LogConfig: Setting CVar [[r.DetailMode:2]]
[2020.10.26-00.53.24:051][  0]LogConfig: Setting CVar [[r.TranslucencyVolumeBlur:1]]
[2020.10.26-00.53.24:051][  0]LogConfig: Setting CVar [[r.MaterialQualityLevel:1 ; High quality]]
[2020.10.26-00.53.24:051][  0]LogConfig: Setting CVar [[r.SSS.Scale:1]]
[2020.10.26-00.53.24:051][  0]LogConfig: Setting CVar [[r.SSS.SampleSet:2]]
[2020.10.26-00.53.24:051][  0]LogConfig: Setting CVar [[r.SSS.Quality:1]]
[2020.10.26-00.53.24:051][  0]LogConfig: Setting CVar [[r.SSS.HalfRes:0]]
[2020.10.26-00.53.24:051][  0]LogConfig: Setting CVar [[r.SSGI.Quality:3]]
[2020.10.26-00.53.24:051][  0]LogConfig: Setting CVar [[r.EmitterSpawnRateScale:1.0]]
[2020.10.26-00.53.24:051][  0]LogConfig: Setting CVar [[r.ParticleLightQuality:2]]
[2020.10.26-00.53.24:051][  0]LogConfig: Setting CVar [[r.SkyAtmosphere.AerialPerspectiveLUT.FastApplyOnOpaque:1 ; Always have FastSkyLUT 1 in this case to avoid wrong sky]]
[2020.10.26-00.53.24:051][  0]LogConfig: Setting CVar [[r.SkyAtmosphere.AerialPerspectiveLUT.SampleCountPerSlice:1]]
[2020.10.26-00.53.24:051][  0]LogConfig: Setting CVar [[r.SkyAtmosphere.AerialPerspectiveLUT.DepthResolution:16.0]]
[2020.10.26-00.53.24:051][  0]LogConfig: Setting CVar [[r.SkyAtmosphere.FastSkyLUT:1]]
[2020.10.26-00.53.24:051][  0]LogConfig: Setting CVar [[r.SkyAtmosphere.FastSkyLUT.SampleCountMin:4.0]]
[2020.10.26-00.53.24:051][  0]LogConfig: Setting CVar [[r.SkyAtmosphere.FastSkyLUT.SampleCountMax:32.0]]
[2020.10.26-00.53.24:051][  0]LogConfig: Setting CVar [[r.SkyAtmosphere.SampleCountMin:4.0]]
[2020.10.26-00.53.24:051][  0]LogConfig: Setting CVar [[r.SkyAtmosphere.SampleCountMax:32.0]]
[2020.10.26-00.53.24:051][  0]LogConfig: Setting CVar [[r.SkyAtmosphere.TransmittanceLUT.UseSmallFormat:0]]
[2020.10.26-00.53.24:051][  0]LogConfig: Setting CVar [[r.SkyAtmosphere.TransmittanceLUT.SampleCount:10.0]]
[2020.10.26-00.53.24:051][  0]LogConfig: Setting CVar [[r.SkyAtmosphere.MultiScatteringLUT.SampleCount:15.0]]
[2020.10.26-00.53.24:051][  0]LogConfig: Applying CVar settings from Section [FoliageQuality@3] File [C:/Users/daeha/Documents/Unreal Projects/Project1/Saved/Config/Windows/Scalability.ini]
[2020.10.26-00.53.24:051][  0]LogConfig: Setting CVar [[foliage.DensityScale:1.0]]
[2020.10.26-00.53.24:051][  0]LogConfig: Setting CVar [[grass.DensityScale:1.0]]
[2020.10.26-00.53.24:051][  0]LogConfig: Applying CVar settings from Section [ShadingQuality@3] File [C:/Users/daeha/Documents/Unreal Projects/Project1/Saved/Config/Windows/Scalability.ini]
[2020.10.26-00.53.24:051][  0]LogConfig: Setting CVar [[r.HairStrands.SkyLighting.SampleCount:16]]
[2020.10.26-00.53.24:051][  0]LogConfig: Setting CVar [[r.HairStrands.SkyLighting.JitterIntegration:0]]
[2020.10.26-00.53.24:051][  0]LogConfig: Setting CVar [[r.HairStrands.SkyAO.SampleCount:16]]
[2020.10.26-00.53.24:051][  0]LogConfig: Setting CVar [[r.HairStrands.DeepShadow.SuperSampling:0]]
[2020.10.26-00.53.24:051][  0]LogConfig: Setting CVar [[r.HairStrands.VisibilityPPLL:0]]
[2020.10.26-00.53.24:051][  0]LogConfig: Setting CVar [[r.HairStrands.RasterizationScale:0.5]]
[2020.10.26-00.53.24:051][  0]LogConfig: Setting CVar [[r.HairStrands.VelocityRasterizationScale:1]]
[2020.10.26-00.53.24:051][  0]LogInit: Selected Device Profile: [Windows]
[2020.10.26-00.53.24:051][  0]LogInit: Applying CVar settings loaded from the selected device profile: [Windows]
[2020.10.26-00.53.24:051][  0]LogHAL: Display: Platform has ~ 32 GB [34309410816 / 34359738368 / 32], which maps to Largest [LargestMinGB=32, LargerMinGB=12, DefaultMinGB=8, SmallerMinGB=6, SmallestMinGB=0)
[2020.10.26-00.53.24:051][  0]LogInit: Going up to parent DeviceProfile []
[2020.10.26-00.53.24:051][  0]LogConfig: Applying CVar settings from Section [ViewDistanceQuality@3] File [C:/Users/daeha/Documents/Unreal Projects/Project1/Saved/Config/Windows/Scalability.ini]
[2020.10.26-00.53.24:051][  0]LogConfig: Setting CVar [[r.SkeletalMeshLODBias:0]]
[2020.10.26-00.53.24:051][  0]LogConfig: Setting CVar [[r.ViewDistanceScale:1.0]]
[2020.10.26-00.53.24:051][  0]LogConfig: Applying CVar settings from Section [AntiAliasingQuality@3] File [C:/Users/daeha/Documents/Unreal Projects/Project1/Saved/Config/Windows/Scalability.ini]
[2020.10.26-00.53.24:051][  0]LogConfig: Setting CVar [[r.PostProcessAAQuality:4]]
[2020.10.26-00.53.24:051][  0]LogConfig: Applying CVar settings from Section [ShadowQuality@3] File [C:/Users/daeha/Documents/Unreal Projects/Project1/Saved/Config/Windows/Scalability.ini]
[2020.10.26-00.53.24:051][  0]LogConfig: Setting CVar [[r.LightFunctionQuality:1]]
[2020.10.26-00.53.24:051][  0]LogConfig: Setting CVar [[r.ShadowQuality:5]]
[2020.10.26-00.53.24:051][  0]LogConfig: Setting CVar [[r.Shadow.CSM.MaxCascades:10]]
[2020.10.26-00.53.24:051][  0]LogConfig: Setting CVar [[r.Shadow.MaxResolution:2048]]
[2020.10.26-00.53.24:051][  0]LogConfig: Setting CVar [[r.Shadow.MaxCSMResolution:2048]]
[2020.10.26-00.53.24:051][  0]LogConfig: Setting CVar [[r.Shadow.RadiusThreshold:0.01]]
[2020.10.26-00.53.24:051][  0]LogConfig: Setting CVar [[r.Shadow.DistanceScale:1.0]]
[2020.10.26-00.53.24:051][  0]LogConfig: Setting CVar [[r.Shadow.CSM.TransitionScale:1.0]]
[2020.10.26-00.53.24:051][  0]LogConfig: Setting CVar [[r.Shadow.PreShadowResolutionFactor:1.0]]
[2020.10.26-00.53.24:051][  0]LogConfig: Setting CVar [[r.DistanceFieldShadowing:1]]
[2020.10.26-00.53.24:051][  0]LogConfig: Setting CVar [[r.DistanceFieldAO:1]]
[2020.10.26-00.53.24:051][  0]LogConfig: Setting CVar [[r.AOQuality:2]]
[2020.10.26-00.53.24:051][  0]LogConfig: Setting CVar [[r.VolumetricFog:1]]
[2020.10.26-00.53.24:051][  0]LogConfig: Setting CVar [[r.VolumetricFog.GridPixelSize:8]]
[2020.10.26-00.53.24:051][  0]LogConfig: Setting CVar [[r.VolumetricFog.GridSizeZ:128]]
[2020.10.26-00.53.24:051][  0]LogConfig: Setting CVar [[r.VolumetricFog.HistoryMissSupersampleCount:4]]
[2020.10.26-00.53.24:051][  0]LogConfig: Setting CVar [[r.LightMaxDrawDistanceScale:1]]
[2020.10.26-00.53.24:051][  0]LogConfig: Setting CVar [[r.CapsuleShadows:1]]
[2020.10.26-00.53.24:051][  0]LogConfig: Applying CVar settings from Section [PostProcessQuality@3] File [C:/Users/daeha/Documents/Unreal Projects/Project1/Saved/Config/Windows/Scalability.ini]
[2020.10.26-00.53.24:051][  0]LogConfig: Setting CVar [[r.MotionBlurQuality:4]]
[2020.10.26-00.53.24:051][  0]LogConfig: Setting CVar [[r.AmbientOcclusionMipLevelFactor:0.4]]
[2020.10.26-00.53.24:051][  0]LogConfig: Setting CVar [[r.AmbientOcclusionMaxQuality:100]]
[2020.10.26-00.53.24:051][  0]LogConfig: Setting CVar [[r.AmbientOcclusionLevels:-1]]
[2020.10.26-00.53.24:051][  0]LogConfig: Setting CVar [[r.AmbientOcclusionRadiusScale:1.0]]
[2020.10.26-00.53.24:051][  0]LogConfig: Setting CVar [[r.DepthOfFieldQuality:2]]
[2020.10.26-00.53.24:051][  0]LogConfig: Setting CVar [[r.RenderTargetPoolMin:400]]
[2020.10.26-00.53.24:051][  0]LogConfig: Setting CVar [[r.LensFlareQuality:2]]
[2020.10.26-00.53.24:051][  0]LogConfig: Setting CVar [[r.SceneColorFringeQuality:1]]
[2020.10.26-00.53.24:051][  0]LogConfig: Setting CVar [[r.EyeAdaptationQuality:2]]
[2020.10.26-00.53.24:051][  0]LogConfig: Setting CVar [[r.BloomQuality:5]]
[2020.10.26-00.53.24:051][  0]LogConfig: Setting CVar [[r.FastBlurThreshold:100]]
[2020.10.26-00.53.24:051][  0]LogConfig: Setting CVar [[r.Upscale.Quality:3]]
[2020.10.26-00.53.24:051][  0]LogConfig: Setting CVar [[r.Tonemapper.GrainQuantization:1]]
[2020.10.26-00.53.24:051][  0]LogConfig: Setting CVar [[r.LightShaftQuality:1]]
[2020.10.26-00.53.24:051][  0]LogConfig: Setting CVar [[r.Filter.SizeScale:1]]
[2020.10.26-00.53.24:051][  0]LogConfig: Setting CVar [[r.Tonemapper.Quality:5]]
[2020.10.26-00.53.24:051][  0]LogConfig: Setting CVar [[r.DOF.Gather.AccumulatorQuality:1        ; higher gathering accumulator quality]]
[2020.10.26-00.53.24:051][  0]LogConfig: Setting CVar [[r.DOF.Gather.PostfilterMethod:1          ; Median3x3 postfilering method]]
[2020.10.26-00.53.24:051][  0]LogConfig: Setting CVar [[r.DOF.Gather.EnableBokehSettings:0       ; no bokeh simulation when gathering]]
[2020.10.26-00.53.24:051][  0]LogConfig: Setting CVar [[r.DOF.Gather.RingCount:4                 ; medium number of samples when gathering]]
[2020.10.26-00.53.24:051][  0]LogConfig: Setting CVar [[r.DOF.Scatter.ForegroundCompositing:1    ; additive foreground scattering]]
[2020.10.26-00.53.24:051][  0]LogConfig: Setting CVar [[r.DOF.Scatter.BackgroundCompositing:2    ; additive background scattering]]
[2020.10.26-00.53.24:051][  0]LogConfig: Setting CVar [[r.DOF.Scatter.EnableBokehSettings:1      ; bokeh simulation when scattering]]
[2020.10.26-00.53.24:051][  0]LogConfig: Setting CVar [[r.DOF.Scatter.MaxSpriteRatio:0.1         ; only a maximum of 10% of scattered bokeh]]
[2020.10.26-00.53.24:051][  0]LogConfig: Setting CVar [[r.DOF.Recombine.Quality:1                ; cheap slight out of focus]]
[2020.10.26-00.53.24:051][  0]LogConfig: Setting CVar [[r.DOF.Recombine.EnableBokehSettings:0    ; no bokeh simulation on slight out of focus]]
[2020.10.26-00.53.24:051][  0]LogConfig: Setting CVar [[r.DOF.TemporalAAQuality:1                ; more stable temporal accumulation]]
[2020.10.26-00.53.24:051][  0]LogConfig: Setting CVar [[r.DOF.Kernel.MaxForegroundRadius:0.025]]
[2020.10.26-00.53.24:051][  0]LogConfig: Setting CVar [[r.DOF.Kernel.MaxBackgroundRadius:0.025]]
[2020.10.26-00.53.24:051][  0]LogConfig: Applying CVar settings from Section [TextureQuality@3] File [C:/Users/daeha/Documents/Unreal Projects/Project1/Saved/Config/Windows/Scalability.ini]
[2020.10.26-00.53.24:051][  0]LogConfig: Setting CVar [[r.Streaming.MipBias:0]]
[2020.10.26-00.53.24:052][  0]LogConfig: Setting CVar [[r.Streaming.AmortizeCPUToGPUCopy:0]]
[2020.10.26-00.53.24:052][  0]LogConfig: Setting CVar [[r.Streaming.MaxNumTexturesToStreamPerFrame:0]]
[2020.10.26-00.53.24:052][  0]LogConfig: Setting CVar [[r.Streaming.Boost:1]]
[2020.10.26-00.53.24:052][  0]LogConfig: Setting CVar [[r.MaxAnisotropy:8]]
[2020.10.26-00.53.24:052][  0]LogConfig: Setting CVar [[r.VT.MaxAnisotropy:8]]
[2020.10.26-00.53.24:052][  0]LogConfig: Setting CVar [[r.Streaming.LimitPoolSizeToVRAM:0]]
[2020.10.26-00.53.24:052][  0]LogConfig: Setting CVar [[r.Streaming.PoolSize:1000]]
[2020.10.26-00.53.24:052][  0]LogConfig: Setting CVar [[r.Streaming.MaxEffectiveScreenSize:0]]
[2020.10.26-00.53.24:052][  0]LogConfig: Applying CVar settings from Section [EffectsQuality@3] File [C:/Users/daeha/Documents/Unreal Projects/Project1/Saved/Config/Windows/Scalability.ini]
[2020.10.26-00.53.24:052][  0]LogConfig: Setting CVar [[r.TranslucencyLightingVolumeDim:64]]
[2020.10.26-00.53.24:052][  0]LogConfig: Setting CVar [[r.RefractionQuality:2]]
[2020.10.26-00.53.24:052][  0]LogConfig: Setting CVar [[r.SSR.Quality:3]]
[2020.10.26-00.53.24:052][  0]LogConfig: Setting CVar [[r.SSR.HalfResSceneColor:0]]
[2020.10.26-00.53.24:052][  0]LogConfig: Setting CVar [[r.SceneColorFormat:4]]
[2020.10.26-00.53.24:052][  0]LogConfig: Setting CVar [[r.DetailMode:2]]
[2020.10.26-00.53.24:052][  0]LogConfig: Setting CVar [[r.TranslucencyVolumeBlur:1]]
[2020.10.26-00.53.24:052][  0]LogConfig: Setting CVar [[r.MaterialQualityLevel:1 ; High quality]]
[2020.10.26-00.53.24:052][  0]LogConfig: Setting CVar [[r.SSS.Scale:1]]
[2020.10.26-00.53.24:052][  0]LogConfig: Setting CVar [[r.SSS.SampleSet:2]]
[2020.10.26-00.53.24:052][  0]LogConfig: Setting CVar [[r.SSS.Quality:1]]
[2020.10.26-00.53.24:052][  0]LogConfig: Setting CVar [[r.SSS.HalfRes:0]]
[2020.10.26-00.53.24:052][  0]LogConfig: Setting CVar [[r.SSGI.Quality:3]]
[2020.10.26-00.53.24:052][  0]LogConfig: Setting CVar [[r.EmitterSpawnRateScale:1.0]]
[2020.10.26-00.53.24:052][  0]LogConfig: Setting CVar [[r.ParticleLightQuality:2]]
[2020.10.26-00.53.24:052][  0]LogConfig: Setting CVar [[r.SkyAtmosphere.AerialPerspectiveLUT.FastApplyOnOpaque:1 ; Always have FastSkyLUT 1 in this case to avoid wrong sky]]
[2020.10.26-00.53.24:052][  0]LogConfig: Setting CVar [[r.SkyAtmosphere.AerialPerspectiveLUT.SampleCountPerSlice:1]]
[2020.10.26-00.53.24:052][  0]LogConfig: Setting CVar [[r.SkyAtmosphere.AerialPerspectiveLUT.DepthResolution:16.0]]
[2020.10.26-00.53.24:052][  0]LogConfig: Setting CVar [[r.SkyAtmosphere.FastSkyLUT:1]]
[2020.10.26-00.53.24:052][  0]LogConfig: Setting CVar [[r.SkyAtmosphere.FastSkyLUT.SampleCountMin:4.0]]
[2020.10.26-00.53.24:052][  0]LogConfig: Setting CVar [[r.SkyAtmosphere.FastSkyLUT.SampleCountMax:32.0]]
[2020.10.26-00.53.24:052][  0]LogConfig: Setting CVar [[r.SkyAtmosphere.SampleCountMin:4.0]]
[2020.10.26-00.53.24:052][  0]LogConfig: Setting CVar [[r.SkyAtmosphere.SampleCountMax:32.0]]
[2020.10.26-00.53.24:052][  0]LogConfig: Setting CVar [[r.SkyAtmosphere.TransmittanceLUT.UseSmallFormat:0]]
[2020.10.26-00.53.24:052][  0]LogConfig: Setting CVar [[r.SkyAtmosphere.TransmittanceLUT.SampleCount:10.0]]
[2020.10.26-00.53.24:052][  0]LogConfig: Setting CVar [[r.SkyAtmosphere.MultiScatteringLUT.SampleCount:15.0]]
[2020.10.26-00.53.24:052][  0]LogConfig: Applying CVar settings from Section [FoliageQuality@3] File [C:/Users/daeha/Documents/Unreal Projects/Project1/Saved/Config/Windows/Scalability.ini]
[2020.10.26-00.53.24:052][  0]LogConfig: Setting CVar [[foliage.DensityScale:1.0]]
[2020.10.26-00.53.24:052][  0]LogConfig: Setting CVar [[grass.DensityScale:1.0]]
[2020.10.26-00.53.24:052][  0]LogConfig: Applying CVar settings from Section [ShadingQuality@3] File [C:/Users/daeha/Documents/Unreal Projects/Project1/Saved/Config/Windows/Scalability.ini]
[2020.10.26-00.53.24:052][  0]LogConfig: Setting CVar [[r.HairStrands.SkyLighting.SampleCount:16]]
[2020.10.26-00.53.24:052][  0]LogConfig: Setting CVar [[r.HairStrands.SkyLighting.JitterIntegration:0]]
[2020.10.26-00.53.24:052][  0]LogConfig: Setting CVar [[r.HairStrands.SkyAO.SampleCount:16]]
[2020.10.26-00.53.24:052][  0]LogConfig: Setting CVar [[r.HairStrands.DeepShadow.SuperSampling:0]]
[2020.10.26-00.53.24:052][  0]LogConfig: Setting CVar [[r.HairStrands.VisibilityPPLL:0]]
[2020.10.26-00.53.24:052][  0]LogConfig: Setting CVar [[r.HairStrands.RasterizationScale:0.5]]
[2020.10.26-00.53.24:052][  0]LogConfig: Setting CVar [[r.HairStrands.VelocityRasterizationScale:1]]
[2020.10.26-00.53.24:052][  0]LogConfig: Applying CVar settings from Section [Startup] File [../../../Engine/Config/ConsoleVariables.ini]
[2020.10.26-00.53.24:052][  0]LogConfig: Setting CVar [[net.UseAdaptiveNetUpdateFrequency:0]]
[2020.10.26-00.53.24:052][  0]LogConfig: Setting CVar [[p.chaos.AllowCreatePhysxBodies:1]]
[2020.10.26-00.53.24:052][  0]LogConfig: Setting CVar [[fx.SkipVectorVMBackendOptimizations:1]]
[2020.10.26-00.53.24:052][  0]LogConfig: Applying CVar settings from Section [ConsoleVariables] File [C:/Users/daeha/Documents/Unreal Projects/Project1/Saved/Config/Windows/Engine.ini]
[2020.10.26-00.53.24:052][  0]LogInit: Computer: DESKTOP-9UH96AT
[2020.10.26-00.53.24:052][  0]LogInit: User: daeha
[2020.10.26-00.53.24:052][  0]LogInit: CPU Page size=4096, Cores=8
[2020.10.26-00.53.24:052][  0]LogInit: High frequency timer resolution =10.000000 MHz
[2020.10.26-00.53.24:052][  0]LogMemory: Memory total: Physical=32.0GB (32GB approx)
[2020.10.26-00.53.24:052][  0]LogMemory: Platform Memory Stats for Windows
[2020.10.26-00.53.24:052][  0]LogMemory: Process Physical Memory: 116.15 MB used, 116.15 MB peak
[2020.10.26-00.53.24:052][  0]LogMemory: Process Virtual Memory: 98.12 MB used, 98.12 MB peak
[2020.10.26-00.53.24:053][  0]LogMemory: Physical Memory: 8898.55 MB used,  23821.45 MB free, 32720.00 MB total
[2020.10.26-00.53.24:053][  0]LogMemory: Virtual Memory: 5187.32 MB used,  134212544.00 MB free, 134217728.00 MB total
[2020.10.26-00.53.24:057][  0]LogWindows: WindowsPlatformFeatures enabled
[2020.10.26-00.53.24:094][  0]LogInit: Physics initialised using underlying interface: PhysX
[2020.10.26-00.53.24:095][  0]LogInit: Using OS detected language (ko-KR).
[2020.10.26-00.53.24:095][  0]LogInit: Using OS detected locale (ko-KR).
[2020.10.26-00.53.24:097][  0]LogTextLocalizationManager: No specific localization for 'ko-KR' exists, so the 'ko' localization will be used.
[2020.10.26-00.53.24:170][  0]LogInit: Setting process to per monitor DPI aware
[2020.10.26-00.53.24:218][  0]LogSlate: New Slate User Created.  User Index 0, Is Virtual User: 0
[2020.10.26-00.53.24:218][  0]LogSlate: Slate User Registered.  User Index 0, Is Virtual User: 0
[2020.10.26-00.53.24:335][  0]LogHMD: Failed to initialize OpenVR with code 110
[2020.10.26-00.53.24:335][  0]LogD3D11RHI: D3D11 min allowed feature level: 11_0
[2020.10.26-00.53.24:335][  0]LogD3D11RHI: D3D11 max allowed feature level: 11_0
[2020.10.26-00.53.24:335][  0]LogD3D11RHI: D3D11 adapters:
[2020.10.26-00.53.24:403][  0]LogD3D11RHI:    0. 'NVIDIA GeForce RTX 2070 SUPER' (Feature Level 11_0)
[2020.10.26-00.53.24:403][  0]LogD3D11RHI:       8012/0/16360 MB DedicatedVideo/DedicatedSystem/SharedSystem, Outputs:1, VendorId:0x10de
[2020.10.26-00.53.24:440][  0]LogD3D11RHI:    1. 'Radeon RX 560 Series' (Feature Level 11_0)
[2020.10.26-00.53.24:440][  0]LogD3D11RHI:       4075/0/16360 MB DedicatedVideo/DedicatedSystem/SharedSystem, Outputs:1, VendorId:0x1002
[2020.10.26-00.53.24:442][  0]LogD3D11RHI:    2. 'Microsoft Basic Render Driver' (Feature Level 11_0)
[2020.10.26-00.53.24:442][  0]LogD3D11RHI:       0/0/16360 MB DedicatedVideo/DedicatedSystem/SharedSystem, Outputs:0, VendorId:0x1414
[2020.10.26-00.53.24:442][  0]LogD3D11RHI: Chosen D3D11 Adapter: 0
[2020.10.26-00.53.24:448][  0]LogD3D11RHI: Creating new Direct3DDevice
[2020.10.26-00.53.24:448][  0]LogD3D11RHI:     GPU DeviceId: 0x1e84 (for the marketing name, search the web for "GPU Device Id")
[2020.10.26-00.53.24:448][  0]LogWindows: EnumDisplayDevices:
[2020.10.26-00.53.24:448][  0]LogWindows:    0. 'Radeon RX 560 Series' (P:0 D:1)
[2020.10.26-00.53.24:448][  0]LogWindows:    1. 'Radeon RX 560 Series' (P:0 D:0)
[2020.10.26-00.53.24:448][  0]LogWindows:    2. 'Radeon RX 560 Series' (P:0 D:0)
[2020.10.26-00.53.24:449][  0]LogWindows:    3. 'Radeon RX 560 Series' (P:0 D:0)
[2020.10.26-00.53.24:449][  0]LogWindows:    4. 'Radeon RX 560 Series' (P:0 D:0)
[2020.10.26-00.53.24:449][  0]LogWindows:    5. 'Radeon RX 560 Series' (P:0 D:0)
[2020.10.26-00.53.24:449][  0]LogWindows:    6. 'Radeon RX 560 Series' (P:0 D:0)
[2020.10.26-00.53.24:450][  0]LogWindows:    7. 'NVIDIA GeForce RTX 2070 SUPER' (P:1 D:1)
[2020.10.26-00.53.24:450][  0]LogWindows:    8. 'NVIDIA GeForce RTX 2070 SUPER' (P:0 D:0)
[2020.10.26-00.53.24:450][  0]LogWindows:    9. 'NVIDIA GeForce RTX 2070 SUPER' (P:0 D:0)
[2020.10.26-00.53.24:450][  0]LogWindows:    10. 'NVIDIA GeForce RTX 2070 SUPER' (P:0 D:0)
[2020.10.26-00.53.24:450][  0]LogWindows: DebugString: PrimaryIsNotTheChoosenAdapter PrimaryIsNotTheChoosenAdapter PrimaryIsNotTheChoosenAdapter PrimaryIsNotTheChoosenAdapter PrimaryIsNotTheChoosenAdapter PrimaryIsNotTheChoosenAdapter PrimaryIsNotTheChoosenAdapter FoundDriverCount:4 
[2020.10.26-00.53.24:450][  0]LogD3D11RHI:     Adapter Name: NVIDIA GeForce RTX 2070 SUPER
[2020.10.26-00.53.24:450][  0]LogD3D11RHI:   Driver Version: 456.71 (internal:27.21.14.5671, unified:456.71)
[2020.10.26-00.53.24:450][  0]LogD3D11RHI:      Driver Date: 9-30-2020
[2020.10.26-00.53.24:450][  0]LogRHI: Texture pool is 5608 MB (70% of 8012 MB)
[2020.10.26-00.53.24:498][  0]LogD3D11RHI: RHI has support for 64 bit atomics
[2020.10.26-00.53.24:498][  0]LogD3D11RHI: Async texture creation enabled
[2020.10.26-00.53.24:498][  0]LogD3D11RHI: Array index from any shader is supported
[2020.10.26-00.53.24:501][  0]LogD3D11RHI: HDR output is supported on display 0 (NvId: 0x80061083).
[2020.10.26-00.53.24:513][  0]LogD3D11RHI: GPU Timing Frequency: 1000.000000 (Debug: 2 1)
[2020.10.26-00.53.24:716][  0]LogTargetPlatformManager: Display: Loaded TargetPlatform 'AllDesktop'
[2020.10.26-00.53.24:735][  0]LogTargetPlatformManager: Display: Loaded TargetPlatform 'Android'
[2020.10.26-00.53.24:735][  0]LogTargetPlatformManager: Display: Loaded TargetPlatform 'Android_ASTC'
[2020.10.26-00.53.24:735][  0]LogTargetPlatformManager: Display: Loaded TargetPlatform 'Android_DXT'
[2020.10.26-00.53.24:735][  0]LogTargetPlatformManager: Display: Loaded TargetPlatform 'Android_ETC2'
[2020.10.26-00.53.24:735][  0]LogTargetPlatformManager: Display: Loaded TargetPlatform 'AndroidClient'
[2020.10.26-00.53.24:735][  0]LogTargetPlatformManager: Display: Loaded TargetPlatform 'Android_ASTCClient'
[2020.10.26-00.53.24:735][  0]LogTargetPlatformManager: Display: Loaded TargetPlatform 'Android_DXTClient'
[2020.10.26-00.53.24:735][  0]LogTargetPlatformManager: Display: Loaded TargetPlatform 'Android_ETC2Client'
[2020.10.26-00.53.24:735][  0]LogTargetPlatformManager: Display: Loaded TargetPlatform 'Android_Multi'
[2020.10.26-00.53.24:735][  0]LogTargetPlatformManager: Display: Loaded TargetPlatform 'Android_MultiClient'
[2020.10.26-00.53.24:756][  0]LogTargetPlatformManager: Display: Loaded TargetPlatform 'IOSClient'
[2020.10.26-00.53.24:756][  0]LogTargetPlatformManager: Display: Loaded TargetPlatform 'IOS'
[2020.10.26-00.53.24:765][  0]LogTargetPlatformManager: Display: Loaded TargetPlatform 'Linux'
[2020.10.26-00.53.24:773][  0]LogTargetPlatformManager: Display: Loaded TargetPlatform 'LinuxNoEditor'
[2020.10.26-00.53.24:781][  0]LogTargetPlatformManager: Display: Loaded TargetPlatform 'LinuxClient'
[2020.10.26-00.53.24:789][  0]LogTargetPlatformManager: Display: Loaded TargetPlatform 'LinuxServer'
[2020.10.26-00.53.24:797][  0]LogTargetPlatformManager: Display: Loaded TargetPlatform 'LinuxAArch64NoEditor'
[2020.10.26-00.53.24:805][  0]LogTargetPlatformManager: Display: Loaded TargetPlatform 'LinuxAArch64Client'
[2020.10.26-00.53.24:813][  0]LogTargetPlatformManager: Display: Loaded TargetPlatform 'LinuxAArch64Server'
[2020.10.26-00.53.24:835][  0]LogTargetPlatformManager: Display: Loaded TargetPlatform 'Lumin'
[2020.10.26-00.53.24:835][  0]LogTargetPlatformManager: Display: Loaded TargetPlatform 'LuminClient'
[2020.10.26-00.53.24:849][  0]LogTargetPlatformManager: Display: Loaded TargetPlatform 'TVOSClient'
[2020.10.26-00.53.24:849][  0]LogTargetPlatformManager: Display: Loaded TargetPlatform 'TVOS'
[2020.10.26-00.53.24:857][  0]LogTargetPlatformManager: Display: Loaded TargetPlatform 'WindowsNoEditor'
[2020.10.26-00.53.24:865][  0]LogTargetPlatformManager: Display: Loaded TargetPlatform 'Windows'
[2020.10.26-00.53.24:873][  0]LogTargetPlatformManager: Display: Loaded TargetPlatform 'WindowsClient'
[2020.10.26-00.53.24:880][  0]LogTargetPlatformManager: Display: Loaded TargetPlatform 'WindowsServer'
[2020.10.26-00.53.24:880][  0]LogTargetPlatformManager: Display: Building Assets For Windows
[2020.10.26-00.53.24:887][  0]LogAudioDebug: Display: Lib vorbis DLL was dynamically loaded.
[2020.10.26-00.53.24:934][  0]LogShaderCompilers: Guid format shader working directory is -18 characters bigger than the processId version (../../../../../../Users/daeha/Documents/Unreal Projects/Project1/Intermediate/Shaders/WorkingDirectory/6800/).
[2020.10.26-00.53.24:935][  0]LogShaderCompilers: Cleaned the shader compiler working directory 'C:/Users/daeha/AppData/Local/Temp/UnrealShaderWorkingDir/F81DE00E4076EBC2B45AC988B3604505/'.
[2020.10.26-00.53.24:935][  0]LogXGEController: Cannot use XGE Controller as Incredibuild is not installed on this machine.
[2020.10.26-00.53.24:935][  0]LogShaderCompilers: Cannot use XGE Shader Compiler as Incredibuild is not installed on this machine.
[2020.10.26-00.53.24:935][  0]LogShaderCompilers: Display: Using Local Shader Compiler.
[2020.10.26-00.53.25:590][  0]LogDerivedDataCache: Display: Max Cache Size: 512 MB
[2020.10.26-00.53.25:623][  0]LogDerivedDataCache: Loaded boot cache 0.03s 79MB C:/Users/daeha/AppData/Local/UnrealEngine/4.25/DerivedDataCache/Boot.ddc.
[2020.10.26-00.53.25:623][  0]LogDerivedDataCache: Display: Loaded Boot cache: C:/Users/daeha/AppData/Local/UnrealEngine/4.25/DerivedDataCache/Boot.ddc
[2020.10.26-00.53.25:623][  0]LogDerivedDataCache: FDerivedDataBackendGraph:  Pak pak cache file ../../../../../../Users/daeha/Documents/Unreal Projects/Project1/DerivedDataCache/DDC.ddp not found, will not use a pak cache.
[2020.10.26-00.53.25:623][  0]LogDerivedDataCache: Unable to find inner node Pak for hierarchical cache Hierarchy.
[2020.10.26-00.53.25:624][  0]LogDerivedDataCache: FDerivedDataBackendGraph:  CompressedPak pak cache file ../../../../../../Users/daeha/Documents/Unreal Projects/Project1/DerivedDataCache/Compressed.ddp not found, will not use a pak cache.
[2020.10.26-00.53.25:624][  0]LogDerivedDataCache: Unable to find inner node CompressedPak for hierarchical cache Hierarchy.
[2020.10.26-00.53.25:633][  0]LogDerivedDataCache: Display: Pak cache opened for reading ../../../Engine/DerivedDataCache/Compressed.ddp.
[2020.10.26-00.53.25:633][  0]LogDerivedDataCache: FDerivedDataBackendGraph:  EnterprisePak pak cache file ../../../Enterprise/DerivedDataCache/Compressed.ddp not found, will not use a pak cache.
[2020.10.26-00.53.25:633][  0]LogDerivedDataCache: Unable to find inner node EnterprisePak for hierarchical cache Hierarchy.
[2020.10.26-00.53.25:634][  0]LogDerivedDataCache: Using Local data cache path C:/Users/daeha/AppData/Local/UnrealEngine/Common/DerivedDataCache: Writable
[2020.10.26-00.53.25:634][  0]LogDerivedDataCache: Shared data cache path not found in *engine.ini, will not use an Shared cache.
[2020.10.26-00.53.25:634][  0]LogDerivedDataCache: Unable to find inner node Shared for hierarchical cache Hierarchy.
[2020.10.26-00.53.25:677][  0]LogSlate: Using FreeType 2.10.0
[2020.10.26-00.53.25:677][  0]LogSlate: SlateFontServices - WITH_FREETYPE: 1, WITH_HARFBUZZ: 1
[2020.10.26-00.53.25:696][  0]LogAssetRegistry: FAssetRegistry took 0.0020 seconds to start up
[2020.10.26-00.53.25:886][  0]LogInit: Selected Device Profile: [Windows]
[2020.10.26-00.53.25:972][  0]LogMeshReduction: Using QuadricMeshReduction for automatic static mesh reduction
[2020.10.26-00.53.25:972][  0]LogMeshReduction: Using SimplygonMeshReduction for automatic skeletal mesh reduction
[2020.10.26-00.53.25:972][  0]LogMeshReduction: Using ProxyLODMeshReduction for automatic mesh merging
[2020.10.26-00.53.25:972][  0]LogMeshReduction: No distributed automatic mesh merging module available
[2020.10.26-00.53.25:972][  0]LogMeshMerging: No distributed automatic mesh merging module available
[2020.10.26-00.53.25:985][  0]LogNetVersion: Project1 1.0.0, NetCL: 13144385, EngineNetVer: 14, GameNetVer: 0 (Checksum: 3211556625)
[2020.10.26-00.53.26:305][  0]LogAISub: UAISubsystem::UAISubsystem AISubsystem (0000026E704B15C0), frame # 0
[2020.10.26-00.53.26:305][  0]LogAISub: UAISubsystem::UAISubsystem AIPerceptionSystem (0000026E703FB740), frame # 0
[2020.10.26-00.53.26:306][  0]LogAISub: UAISubsystem::UAISubsystem EnvQueryManager (0000026E70464800), frame # 0
[2020.10.26-00.53.26:352][  0]LogPackageLocalizationCache: Processed 19 localized package path(s) for 1 prioritized culture(s) in 0.040514 seconds
[2020.10.26-00.53.26:356][  0]LogUObjectArray: 15917 objects as part of root set at end of initial load.
[2020.10.26-00.53.26:356][  0]LogUObjectAllocator: 3965568 out of 0 bytes used by permanent object pool.
[2020.10.26-00.53.26:356][  0]LogUObjectArray: CloseDisregardForGC: 0/0 objects in disregard for GC pool
[2020.10.26-00.53.26:615][  0]LogTcpMessaging: Initializing TcpMessaging bridge
[2020.10.26-00.53.26:618][  0]LogUdpMessaging: Initializing bridge on interface 0.0.0.0:0 to multicast group 230.0.0.1:6666.
[2020.10.26-00.53.26:676][  0]SourceControl: 소스 컨트롤이 꺼졌습니다.
[2020.10.26-00.53.26:676][  0]SourceControl: 소스 컨트롤이 꺼졌습니다.
[2020.10.26-00.53.26:678][  0]SourceControl: 소스 컨트롤이 꺼졌습니다.
[2020.10.26-00.53.26:681][  0]SourceControl: 소스 컨트롤이 꺼졌습니다.
[2020.10.26-00.53.26:686][  0]SourceControl: 소스 컨트롤이 꺼졌습니다.
[2020.10.26-00.53.26:879][  0]LogAndroidPermission: UAndroidPermissionCallbackProxy::GetInstance
[2020.10.26-00.53.26:895][  0]LogAudioCaptureCore: Display: No Audio Capture implementations found. Audio input will be silent.
[2020.10.26-00.53.26:895][  0]LogAudioCaptureCore: Display: No Audio Capture implementations found. Audio input will be silent.
[2020.10.26-00.53.26:934][  0]LogOcInput: OculusInput pre-init called
[2020.10.26-00.53.26:943][  0]LogWindows: Failed to load 'OVRPlugin.dll' (GetLastError=126)
[2020.10.26-00.53.26:943][  0]LogWindows: File 'OVRPlugin.dll' does not exist
[2020.10.26-00.53.26:994][  0]LogEngine: Initializing Engine...
[2020.10.26-00.53.26:995][  0]LogHMD: Failed to initialize OpenVR with code 110
[2020.10.26-00.53.26:995][  0]LogMagicLeap: Warning: VR disabled because ZI is not enabled.  To enable, in the editor, Edit -> Project Settings -> Plugins -> Magic Leap Plugin -> Enable Zero Iteration
[2020.10.26-00.53.26:996][  0]LogStats: UGameplayTagsManager::InitializeManager -  0.000 s
[2020.10.26-00.53.27:080][  0]LogInit: Initializing FReadOnlyCVARCache
[2020.10.26-00.53.27:086][  0]LogAIModule: Creating AISystem for world Untitled
[2020.10.26-00.53.27:086][  0]LogAISub: UAISubsystem::UAISubsystem EnvQueryManager (0000026E78E1FC00), frame # 0
[2020.10.26-00.53.27:086][  0]LogAISub: UAISubsystem::UAISubsystem AIPerceptionSystem (0000026E78E2BB00), frame # 0
[2020.10.26-00.53.27:094][  0]LogAudioMixer: Display: Audio Mixer Platform Settings:
[2020.10.26-00.53.27:094][  0]LogAudioMixer: Display: 	Sample Rate:						  48000
[2020.10.26-00.53.27:094][  0]LogAudioMixer: Display: 	Callback Buffer Frame Size Requested: 1024
[2020.10.26-00.53.27:094][  0]LogAudioMixer: Display: 	Callback Buffer Frame Size To Use:	  1024
[2020.10.26-00.53.27:094][  0]LogAudioMixer: Display: 	Number of buffers to queue:			  2
[2020.10.26-00.53.27:094][  0]LogAudioMixer: Display: 	Max Channels (voices):				  32
[2020.10.26-00.53.27:094][  0]LogAudioMixer: Display: 	Number of Async Source Workers:		  0
[2020.10.26-00.53.27:094][  0]LogAudio: Display: AudioDevice MaxSources: 32
[2020.10.26-00.53.27:094][  0]LogAudio: Display: Using built-in audio occlusion.
[2020.10.26-00.53.27:094][  0]LogAudioMixer: Display: Initializing audio mixer.
[2020.10.26-00.53.27:103][  0]LogAudioMixer: Display: 0: FrontLeft
[2020.10.26-00.53.27:103][  0]LogAudioMixer: Display: 1: FrontRight
[2020.10.26-00.53.27:137][  0]LogAudioMixer: Display: Using Audio Device Main Output 1/2(Audient EVO4)
[2020.10.26-00.53.27:138][  0]LogAudioMixer: Display: Initializing Sound Submixes...
[2020.10.26-00.53.27:139][  0]LogAudioMixer: Display: Creating Master Submix 'MasterSubmixDefault'
[2020.10.26-00.53.27:139][  0]LogAudioMixer: Display: Creating Master Submix 'MasterReverbSubmixDefault'
[2020.10.26-00.53.27:140][  0]LogAudioMixer: Display: Creating Master Submix 'MasterEQSubmixDefault'
[2020.10.26-00.53.27:141][  0]LogInit: FAudioDevice initialized.
[2020.10.26-00.53.27:141][  0]LogNetVersion: Set ProjectVersion to 1.0.0.0. Version Checksum will be recalculated on next use.
[2020.10.26-00.53.27:179][  0]LogDerivedDataCache: Saved boot cache 0.04s 79MB C:/Users/daeha/AppData/Local/UnrealEngine/4.25/DerivedDataCache/Boot.ddc.
[2020.10.26-00.53.27:182][  0]LogInit: Texture streaming: Enabled
[2020.10.26-00.53.27:195][  0]LogEngineSessionManager: EngineSessionManager initialized
[2020.10.26-00.53.27:195][  0]LogEditorSessionSummary: Verbose: Initializing EditorSessionSummaryWriter for editor session tracking
[2020.10.26-00.53.27:196][  0]LogEditorSessionSummary: EditorSessionSummaryWriter initialized
[2020.10.26-00.53.27:238][  0]LogInit: Transaction tracking system initialized
[2020.10.26-00.53.27:256][  0]BlueprintLog: New page: 에디터 로드
[2020.10.26-00.53.27:312][  0]LocalizationService: 현지화 서비스가 비활성화되었습니다.
[2020.10.26-00.53.27:433][  0]LogCook: Display: Max memory allowance for cook 16384mb min free memory 0mb
[2020.10.26-00.53.27:433][  0]LogCook: Display: Mobile HDR setting 1
[2020.10.26-00.53.27:537][  0]LogFileCache: Scanning file cache for directory 'C:/Users/daeha/Documents/Unreal Projects/Project1/Content/' took 0.00s
[2020.10.26-00.53.27:692][  0]SourceControl: 소스 컨트롤이 꺼졌습니다.
[2020.10.26-00.53.27:692][  0]LogUnrealEdMisc: Loading editor; pre map load, took 4.829
[2020.10.26-00.53.27:692][  0]Cmd: MAP LOAD FILE="../../../../../../Users/daeha/Documents/Unreal Projects/Project1/Content/ThirdPersonBP/Maps/ThirdPersonExampleMap.umap" TEMPLATE=0 SHOWPROGRESS=1 FEATURELEVEL=3
[2020.10.26-00.53.27:708][  0]LightingResults: New page: 라이팅 빌드
[2020.10.26-00.53.27:708][  0]LogWorld: UWorld::CleanupWorld for Untitled, bSessionEnded=true, bCleanupResources=true
[2020.10.26-00.53.27:708][  0]LogSlate: InvalidateAllWidgets triggered.  All widgets were invalidated
[2020.10.26-00.53.27:708][  0]MapCheck: New page: 맵 체크
[2020.10.26-00.53.27:709][  0]LightingResults: New page: 라이팅 빌드
[2020.10.26-00.53.27:726][  0]LogAISub: UAISubsystem::~UAISubsystem EnvQueryManager (0000026E78E1FC00), frame # 0
[2020.10.26-00.53.27:726][  0]LogAISub: UAISubsystem::~UAISubsystem AIPerceptionSystem (0000026E78E2BB00), frame # 0
[2020.10.26-00.53.27:727][  0]LogUObjectHash: Compacting FUObjectHashTables data took   0.60ms
[2020.10.26-00.53.28:085][  0]LogAIModule: Creating AISystem for world ThirdPersonExampleMap
[2020.10.26-00.53.28:085][  0]LogAISub: UAISubsystem::UAISubsystem EnvQueryManager (0000026E01AB7E00), frame # 0
[2020.10.26-00.53.28:085][  0]LogAISub: UAISubsystem::UAISubsystem AIPerceptionSystem (0000026E01AC3B00), frame # 0
[2020.10.26-00.53.28:096][  0]LogEditorServer: Finished looking for orphan Actors (0.000 secs)
[2020.10.26-00.53.28:107][  0]LogUObjectHash: Compacting FUObjectHashTables data took   0.71ms
[2020.10.26-00.53.28:107][  0]Cmd: MAP CHECKDEP NOCLEARLOG
[2020.10.26-00.53.28:108][  0]MapCheck: 맵 체크 완료: 오류 0 회, 경고 0 회, 소요 시간 0.108ms.
[2020.10.26-00.53.28:108][  0]LogFileHelpers: Loading map 'ThirdPersonExampleMap' took 0.416
[2020.10.26-00.53.28:109][  0]LogUnrealEdMisc: Total Editor Startup Time, took 5.246
[2020.10.26-00.53.28:215][  0]LogSlate: Updating window title bar state: overlay mode, drag disabled, window buttons hidden, title bar hidden
[2020.10.26-00.53.28:220][  0]LogSlate: Updating window title bar state: overlay mode, drag disabled, window buttons hidden, title bar hidden
[2020.10.26-00.53.28:226][  0]LogSlate: Updating window title bar state: overlay mode, drag disabled, window buttons hidden, title bar hidden
[2020.10.26-00.53.28:231][  0]LogSlate: Updating window title bar state: overlay mode, drag disabled, window buttons hidden, title bar hidden
[2020.10.26-00.53.28:239][  0]LogCollectionManager: Loaded 0 collections in 0.001573 seconds
[2020.10.26-00.53.28:262][  0]LogFileCache: Scanning file cache for directory 'C:/Users/daeha/Documents/Unreal Projects/Project1/Saved/Collections/' took 0.00s
[2020.10.26-00.53.28:262][  0]LogFileCache: Scanning file cache for directory 'C:/Users/daeha/Documents/Unreal Projects/Project1/Content/Developers/daeha/Collections/' took 0.00s
[2020.10.26-00.53.28:262][  0]LogFileCache: Scanning file cache for directory 'C:/Users/daeha/Documents/Unreal Projects/Project1/Content/Collections/' took 0.00s
[2020.10.26-00.53.28:262][  0]LogContentBrowser: Native class hierarchy populated in 0.0085 seconds. Added 3427 classes and 821 folders.
[2020.10.26-00.53.28:267][  0]LogContentBrowser: Native class hierarchy updated for 'WidgetCarousel' in 0.0002 seconds. Added 0 classes and 0 folders.
[2020.10.26-00.53.28:528][  0]LogContentBrowser: Native class hierarchy updated for 'AddContentDialog' in 0.0002 seconds. Added 0 classes and 0 folders.
[2020.10.26-00.53.28:531][  0]LogContentBrowser: Native class hierarchy updated for 'SceneOutliner' in 0.0003 seconds. Added 2 classes and 0 folders.
[2020.10.26-00.53.28:570][  0]LogSlate: Took 0.000106 seconds to synchronously load lazily loaded font '../../../Engine/Content/Slate/Fonts/Roboto-Regular.ttf' (155K)
[2020.10.26-00.53.28:572][  0]LogSlate: Took 0.000996 seconds to synchronously load lazily loaded font '../../../Engine/Content/Editor/Slate/Fonts/NanumGothic.ttf' (4243K)
[2020.10.26-00.53.28:573][  0]LogSlate: Took 0.000993 seconds to synchronously load lazily loaded font '../../../Engine/Content/Editor/Slate/Fonts/NanumGothicBold.ttf' (4188K)
[2020.10.26-00.53.28:574][  0]LogSlate: Took 0.000074 seconds to synchronously load lazily loaded font '../../../Engine/Content/Slate/Fonts/Roboto-Bold.ttf' (160K)
[2020.10.26-00.53.28:581][  0]LogSlate: Took 0.004343 seconds to synchronously load lazily loaded font '../../../Engine/Content/Editor/Slate/Fonts/FontAwesome.ttf' (139K)
[2020.10.26-00.53.28:654][  0]LogRenderer: Reallocating scene render targets to support 1208x572 Format 10 NumSamples 1 (Frame:1).
[2020.10.26-00.53.28:728][  0]LogContentBrowser: Native class hierarchy updated for 'HierarchicalLODOutliner' in 0.0002 seconds. Added 0 classes and 0 folders.
[2020.10.26-00.53.28:728][  0]LogLoad: (Engine Initialization) Total time: 5.87 seconds
[2020.10.26-00.53.28:728][  0]LogLoad: (Engine Initialization) Total Blueprint compile time: 0.00 seconds
[2020.10.26-00.53.28:763][  0]LogAssetRegistry: Asset discovery search completed in 3.0669 seconds
[2020.10.26-00.53.28:766][  0]LogCollectionManager: Fixed up redirectors for 0 collections in 0.000001 seconds (updated 0 objects)
[2020.10.26-00.53.28:767][  0]LogContentStreaming: Texture pool size now 1000 MB
[2020.10.26-00.53.28:795][  0]LogSlate: Took 0.004473 seconds to synchronously load lazily loaded font '../../../Engine/Content/Slate/Fonts/Roboto-Light.ttf' (167K)
[2020.10.26-00.53.33:450][523]LogSlate: Window '튜토리얼' being destroyed
[2020.10.26-00.53.33:474][523]LogSlate: Window '튜토리얼' being destroyed
[2020.10.26-00.53.39:942][288]LogUObjectGlobals: Warning: 'Object 없음.LevelToolbarPlay' 오브젝트를 찾는 데 실패했습니다.
[2020.10.26-00.53.42:419][581]LogSlate: Window '튜토리얼' being destroyed
[2020.10.26-00.53.42:423][581]LogSlate: Window '튜토리얼' being destroyed
[2020.10.26-00.53.49:403][405]LogSlate: Took 0.000118 seconds to synchronously load lazily loaded font '../../../Engine/Content/Slate/Fonts/Roboto-Light.ttf' (167K)
[2020.10.26-00.54.28:004][405]LogSlate: Window '부모 클래스 선택' being destroyed
[2020.10.26-00.56.26:141][ 64]LogAudioMixer: Warning: Changing default audio render device to new device: {0.0.0.00000000}.{0df746ec-4156-4591-9b5b-416f871a54e8}.
[2020.10.26-00.56.26:141][ 64]LogTemp: Resetting audio stream to device id 
[2020.10.26-00.56.29:159][ 73]LogAudioMixer: Warning: Changing default audio render device to new device: {0.0.0.00000000}.{0df746ec-4156-4591-9b5b-416f871a54e8}.
[2020.10.26-00.56.29:159][ 73]LogTemp: Resetting audio stream to device id 
[2020.10.26-00.56.29:162][ 73]LogAudioMixer: Display: 0: FrontLeft
[2020.10.26-00.56.29:162][ 73]LogAudioMixer: Display: 1: FrontRight
[2020.10.26-00.56.30:599][ 74]LogTemp: Resetting audio stream to device id 
[2020.10.26-00.56.30:612][ 74]LogAudioMixer: Display: 0: FrontLeft
[2020.10.26-00.56.30:612][ 74]LogAudioMixer: Display: 1: FrontRight
[2020.10.26-02.21.59:265][398]LogAudioMixer: Warning: Changing default audio render device to new device: {0.0.0.00000000}.{0df746ec-4156-4591-9b5b-416f871a54e8}.
[2020.10.26-02.21.59:265][398]LogTemp: Resetting audio stream to device id 
[2020.10.26-02.22.01:270][404]LogAudioMixer: Warning: Changing default audio render device to new device: {0.0.0.00000000}.{0df746ec-4156-4591-9b5b-416f871a54e8}.
[2020.10.26-02.22.01:270][404]LogTemp: Resetting audio stream to device id 
[2020.10.26-02.22.01:284][404]LogAudioMixer: Display: 0: FrontLeft
[2020.10.26-02.22.01:284][404]LogAudioMixer: Display: 1: FrontRight
